  [4;36;1mSQL (0.1ms)[0m   [0;1mSET NAMES 'utf8'[0m
  [4;35;1mSQL (0.1ms)[0m   [0mSET SQL_AUTO_IS_NULL=0[0m
  [4;36;1mSQL (0.3ms)[0m   [0;1mSHOW TABLES[0m
  [4;35;1mSQL (0.2ms)[0m   [0mSELECT version FROM schema_migrations[0m
Migrating to CreateUsers (20090822004651)
  [4;36;1mSQL (68.6ms)[0m   [0;1mCREATE TABLE `users` (`id` int(11) DEFAULT NULL auto_increment PRIMARY KEY, `twitter_name` varchar(255), `created_at` datetime, `updated_at` datetime) ENGINE=InnoDB[0m
  [4;35;1mSQL (0.5ms)[0m   [0mINSERT INTO schema_migrations (version) VALUES ('20090822004651')[0m
Migrating to CreateGroups (20090822004701)
  [4;36;1mSQL (112.9ms)[0m   [0;1mCREATE TABLE `groups` (`id` int(11) DEFAULT NULL auto_increment PRIMARY KEY, `name` varchar(255), `created_at` datetime, `updated_at` datetime) ENGINE=InnoDB[0m
  [4;35;1mSQL (0.5ms)[0m   [0mINSERT INTO schema_migrations (version) VALUES ('20090822004701')[0m
Migrating to CreateGroupsUsers (20090822004900)
  [4;36;1mSQL (104.4ms)[0m   [0;1mCREATE TABLE `groups_users` (`id` int(11) DEFAULT NULL auto_increment PRIMARY KEY, `group_id` int(11), `user_id` int(11), `created_at` datetime, `updated_at` datetime) ENGINE=InnoDB[0m
  [4;35;1mSQL (0.5ms)[0m   [0mINSERT INTO schema_migrations (version) VALUES ('20090822004900')[0m
  [4;36;1mSQL (0.5ms)[0m   [0;1mSHOW TABLES[0m
  [4;35;1mSQL (0.2ms)[0m   [0mSELECT version FROM schema_migrations[0m
  [4;36;1mSQL (0.3ms)[0m   [0;1mSHOW TABLES[0m
  [4;35;1mSQL (1.4ms)[0m   [0mSHOW FIELDS FROM `groups`[0m
  [4;36;1mSQL (1.2ms)[0m   [0;1mdescribe `groups`[0m
  [4;35;1mSQL (1.2ms)[0m   [0mSHOW KEYS FROM `groups`[0m
  [4;36;1mSQL (1.4ms)[0m   [0;1mSHOW FIELDS FROM `groups_users`[0m
  [4;35;1mSQL (1.4ms)[0m   [0mdescribe `groups_users`[0m
  [4;36;1mSQL (0.3ms)[0m   [0;1mSHOW KEYS FROM `groups_users`[0m
  [4;35;1mSQL (1.3ms)[0m   [0mSHOW FIELDS FROM `users`[0m
  [4;36;1mSQL (1.4ms)[0m   [0;1mdescribe `users`[0m
  [4;35;1mSQL (0.6ms)[0m   [0mSHOW KEYS FROM `users`[0m
  [4;36;1mSQL (0.1ms)[0m   [0;1mSET NAMES 'utf8'[0m
  [4;35;1mSQL (0.1ms)[0m   [0mSET SQL_AUTO_IS_NULL=0[0m


Processing UserController#home (for 127.0.0.1 at 2009-08-21 20:50:42) [GET]
  [4;36;1mUser Load (0.4ms)[0m   [0;1mSELECT * FROM `users` WHERE (twitter_name='JoshReedSchramm') LIMIT 1[0m
Rendering user/home

ActionView::TemplateError (You have a nil object when you didn't expect it!
The error occurred while evaluating nil.twitter_name) on line #1 of app/views/user/home.erb:
1: <%= @user.twitter_name%>
2: <%= @user.groups%>

    app/views/user/home.erb:1

Rendered rescues/_trace (37.5ms)
Rendered rescues/_request_and_response (1.3ms)
Rendering rescues/layout (internal_server_error)
